<?xml version="1.0" encoding="UTF-8"?>
<!-- Generated by org.testng.reporters.JUnitReportReporter -->
<testsuite hostname="vyas" failures="0" tests="1" name="Runner.Testngrunner" time="12.189" errors="0" timestamp="2022-08-11T22:00:36 IST" skipped="0">
  <testcase classname="Runner.Testngrunner" name="runScenario" time="12.189"/>
  <system-out/>
</testsuite> <!-- Runner.Testngrunner -->
