<?xml version="1.0" encoding="UTF-8"?>
<!-- Generated by org.testng.reporters.JUnitReportReporter -->
<testsuite skipped="0" hostname="vyas" name="Runner.Testngrunner" tests="1" failures="0" timestamp="2022-08-11T21:32:02 IST" time="12.304" errors="0">
  <testcase name="runScenario" time="12.304" classname="Runner.Testngrunner"/>
  <system-out/>
</testsuite> <!-- Runner.Testngrunner -->
